[0322/202440.573:ERROR:process_memory_win.cc(73)] ReadMemory at 0x7ff7e54d0000 of 64 bytes failed: Only part of a ReadProcessMemory or WriteProcessMemory request was completed. (0x12B)
[0322/202440.574:WARNING:pe_image_reader.cc(340)] could not read dos header from C:\Program Files (x86)\Google\Chrome\Application\chrome.exe
[0322/202440.574:ERROR:process_memory_win.cc(73)] ReadMemory at 0x7ff9017a0000 of 64 bytes failed: Only part of a ReadProcessMemory or WriteProcessMemory request was completed. (0x12B)
[0322/202440.574:WARNING:pe_image_reader.cc(340)] could not read dos header from C:\Windows\SYSTEM32\ntdll.dll
[0322/202440.574:ERROR:process_memory_win.cc(73)] ReadMemory at 0x7ff901490000 of 64 bytes failed: Only part of a ReadProcessMemory or WriteProcessMemory request was completed. (0x12B)
[0322/202440.575:WARNING:pe_image_reader.cc(340)] could not read dos header from C:\Windows\System32\KERNEL32.DLL
[0322/202440.575:ERROR:process_memory_win.cc(73)] ReadMemory at 0x7ff8ff0c0000 of 64 bytes failed: Only part of a ReadProcessMemory or WriteProcessMemory request was completed. (0x12B)
[0322/202440.575:WARNING:pe_image_reader.cc(340)] could not read dos header from C:\Windows\System32\KERNELBASE.dll
[0322/202440.575:ERROR:process_memory_win.cc(73)] ReadMemory at 0x7ff8c0fd0000 of 64 bytes failed: Only part of a ReadProcessMemory or WriteProcessMemory request was completed. (0x12B)
[0322/202440.575:WARNING:pe_image_reader.cc(340)] could not read dos header from C:\Program Files (x86)\Google\Chrome\Application\80.0.3987.149\chrome_elf.dll
[0322/202440.575:ERROR:process_memory_win.cc(73)] ReadMemory at 0x7ff8f65f0000 of 64 bytes failed: Only part of a ReadProcessMemory or WriteProcessMemory request was completed. (0x12B)
[0322/202440.575:WARNING:pe_image_reader.cc(340)] could not read dos header from C:\Windows\SYSTEM32\VERSION.dll
[0322/202440.575:ERROR:process_memory_win.cc(73)] ReadMemory at 0x7ff9010f0000 of 64 bytes failed: Only part of a ReadProcessMemory or WriteProcessMemory request was completed. (0x12B)
[0322/202440.575:WARNING:pe_image_reader.cc(340)] could not read dos header from C:\Windows\System32\msvcrt.dll
[0322/202440.575:ERROR:process_memory_win.cc(73)] ReadMemory at 0x7ff8ff7d0000 of 64 bytes failed: Only part of a ReadProcessMemory or WriteProcessMemory request was completed. (0x12B)
[0322/202440.575:WARNING:pe_image_reader.cc(340)] could not read dos header from C:\Windows\System32\bcryptPrimitives.dll
[0322/202440.575:ERROR:process_memory_win.cc(73)] ReadMemory at 0x7ff901040000 of 64 bytes failed: Only part of a ReadProcessMemory or WriteProcessMemory request was completed. (0x12B)
[0322/202440.575:WARNING:pe_image_reader.cc(340)] could not read dos header from C:\Windows\System32\ADVAPI32.dll
[0322/202440.575:ERROR:process_memory_win.cc(73)] ReadMemory at 0x7ff900380000 of 64 bytes failed: Only part of a ReadProcessMemory or WriteProcessMemory request was completed. (0x12B)
[0322/202440.575:WARNING:pe_image_reader.cc(340)] could not read dos header from C:\Windows\System32\sechost.dll
[0322/202440.575:ERROR:process_memory_win.cc(73)] ReadMemory at 0x7ff900420000 of 64 bytes failed: Only part of a ReadProcessMemory or WriteProcessMemory request was completed. (0x12B)
[0322/202440.575:WARNING:pe_image_reader.cc(340)] could not read dos header from C:\Windows\System32\RPCRT4.dll
[0322/202440.575:ERROR:process_memory_win.cc(73)] ReadMemory at 0x7ff877200000 of 64 bytes failed: Only part of a ReadProcessMemory or WriteProcessMemory request was completed. (0x12B)
[0322/202440.575:WARNING:pe_image_reader.cc(340)] could not read dos header from C:\Program Files (x86)\Google\Chrome\Application\80.0.3987.149\chrome.dll
[0322/202440.575:ERROR:process_memory_win.cc(73)] ReadMemory at 0x7ff900a60000 of 64 bytes failed: Only part of a ReadProcessMemory or WriteProcessMemory request was completed. (0x12B)
[0322/202440.575:WARNING:pe_image_reader.cc(340)] could not read dos header from C:\Windows\System32\WS2_32.dll
[0322/202440.575:ERROR:process_memory_win.cc(73)] ReadMemory at 0x7ff901690000 of 64 bytes failed: Only part of a ReadProcessMemory or WriteProcessMemory request was completed. (0x12B)
[0322/202440.575:WARNING:pe_image_reader.cc(340)] could not read dos header from C:\Windows\System32\OLEAUT32.dll
[0322/202440.575:ERROR:process_memory_win.cc(73)] ReadMemory at 0x7ff8ff4b0000 of 64 bytes failed: Only part of a ReadProcessMemory or WriteProcessMemory request was completed. (0x12B)
[0322/202440.575:WARNING:pe_image_reader.cc(340)] could not read dos header from C:\Windows\System32\msvcp_win.dll
[0322/202440.575:ERROR:process_memory_win.cc(73)] ReadMemory at 0x7ff8ff6a0000 of 64 bytes failed: Only part of a ReadProcessMemory or WriteProcessMemory request was completed. (0x12B)
[0322/202440.575:WARNING:pe_image_reader.cc(340)] could not read dos header from C:\Windows\System32\ucrtbase.dll
[0322/202440.575:ERROR:process_memory_win.cc(73)] ReadMemory at 0x7ff900600000 of 64 bytes failed: Only part of a ReadProcessMemory or WriteProcessMemory request was completed. (0x12B)
[0322/202440.575:WARNING:pe_image_reader.cc(340)] could not read dos header from C:\Windows\System32\combase.dll
[0322/202440.575:ERROR:process_memory_win.cc(73)] ReadMemory at 0x7ff8ff370000 of 64 bytes failed: Only part of a ReadProcessMemory or WriteProcessMemory request was completed. (0x12B)
[0322/202440.575:WARNING:pe_image_reader.cc(340)] could not read dos header from C:\Windows\System32\WINTRUST.dll
[0322/202440.575:ERROR:process_memory_win.cc(73)] ReadMemory at 0x7ff8fe6e0000 of 64 bytes failed: Only part of a ReadProcessMemory or WriteProcessMemory request was completed. (0x12B)
[0322/202440.575:WARNING:pe_image_reader.cc(340)] could not read dos header from C:\Windows\System32\MSASN1.dll
[0322/202440.575:ERROR:process_memory_win.cc(73)] ReadMemory at 0x7ff8ff550000 of 64 bytes failed: Only part of a ReadProcessMemory or WriteProcessMemory request was completed. (0x12B)
[0322/202440.575:WARNING:pe_image_reader.cc(340)] could not read dos header from C:\Windows\System32\CRYPT32.dll
[0322/202440.575:ERROR:process_memory_win.cc(73)] ReadMemory at 0x7ff8fdbe0000 of 64 bytes failed: Only part of a ReadProcessMemory or WriteProcessMemory request was completed. (0x12B)
[0322/202440.575:WARNING:pe_image_reader.cc(340)] could not read dos header from C:\Windows\SYSTEM32\IPHLPAPI.DLL
[0322/202440.575:ERROR:process_memory_win.cc(73)] ReadMemory at 0x7ff8fbeb0000 of 64 bytes failed: Only part of a ReadProcessMemory or WriteProcessMemory request was completed. (0x12B)
[0322/202440.575:WARNING:pe_image_reader.cc(340)] could not read dos header from C:\Windows\SYSTEM32\WINMM.dll
[0322/202440.575:ERROR:process_memory_win.cc(73)] ReadMemory at 0x7ff8e9110000 of 64 bytes failed: Only part of a ReadProcessMemory or WriteProcessMemory request was completed. (0x12B)
[0322/202440.575:WARNING:pe_image_reader.cc(340)] could not read dos header from C:\Windows\SYSTEM32\Secur32.dll
[0322/202440.575:ERROR:process_memory_win.cc(73)] ReadMemory at 0x7ff8fe580000 of 64 bytes failed: Only part of a ReadProcessMemory or WriteProcessMemory request was completed. (0x12B)
[0322/202440.575:WARNING:pe_image_reader.cc(340)] could not read dos header from C:\Windows\SYSTEM32\USERENV.dll
[0322/202440.575:ERROR:process_memory_win.cc(73)] ReadMemory at 0x7ff8fe700000 of 64 bytes failed: Only part of a ReadProcessMemory or WriteProcessMemory request was completed. (0x12B)
[0322/202440.575:WARNING:pe_image_reader.cc(340)] could not read dos header from C:\Windows\System32\profapi.dll
[0322/202440.575:ERROR:process_memory_win.cc(73)] ReadMemory at 0x7ff8d0ba0000 of 64 bytes failed: Only part of a ReadProcessMemory or WriteProcessMemory request was completed. (0x12B)
[0322/202440.575:WARNING:pe_image_reader.cc(340)] could not read dos header from C:\Windows\SYSTEM32\UIAutomationCore.DLL
[0322/202440.575:ERROR:process_memory_win.cc(73)] ReadMemory at 0x7ff8e8e10000 of 64 bytes failed: Only part of a ReadProcessMemory or WriteProcessMemory request was completed. (0x12B)
[0322/202440.575:WARNING:pe_image_reader.cc(340)] could not read dos header from C:\Windows\SYSTEM32\DWrite.dll
[0322/202440.575:ERROR:process_memory_win.cc(73)] ReadMemory at 0x7ff8f2540000 of 64 bytes failed: Only part of a ReadProcessMemory or WriteProcessMemory request was completed. (0x12B)
[0322/202440.575:WARNING:pe_image_reader.cc(340)] could not read dos header from C:\Windows\SYSTEM32\WINSPOOL.DRV
[0322/202440.575:ERROR:process_memory_win.cc(73)] ReadMemory at 0x7ff8fe670000 of 64 bytes failed: Only part of a ReadProcessMemory or WriteProcessMemory request was completed. (0x12B)
[0322/202440.576:WARNING:pe_image_reader.cc(340)] could not read dos header from C:\Windows\System32\kernel.appcore.dll
[0322/202440.576:ERROR:process_memory_win.cc(73)] ReadMemory at 0x7ff8ff7a0000 of 64 bytes failed: Only part of a ReadProcessMemory or WriteProcessMemory request was completed. (0x12B)
[0322/202440.576:WARNING:pe_image_reader.cc(340)] could not read dos header from C:\Windows\System32\bcrypt.dll
[0322/202440.576:ERROR:process_memory_win.cc(73)] ReadMemory at 0x7ff8fd060000 of 64 bytes failed: Only part of a ReadProcessMemory or WriteProcessMemory request was completed. (0x12B)
[0322/202440.576:WARNING:pe_image_reader.cc(340)] could not read dos header from C:\Windows\SYSTEM32\dbghelp.dll
[0322/202440.576:ERROR:process_memory_win.cc(73)] ReadMemory at 0x7ff8f9a70000 of 64 bytes failed: Only part of a ReadProcessMemory or WriteProcessMemory request was completed. (0x12B)
[0322/202440.576:WARNING:pe_image_reader.cc(340)] could not read dos header from C:\Windows\SYSTEM32\WINHTTP.dll
[0322/202440.576:ERROR:process_memory_win.cc(73)] ReadMemory at 0x7ff8f5d50000 of 64 bytes failed: Only part of a ReadProcessMemory or WriteProcessMemory request was completed. (0x12B)
[0322/202440.576:WARNING:pe_image_reader.cc(340)] could not read dos header from C:\Windows\SYSTEM32\dhcpcsvc.DLL
[0322/202440.576:ERROR:process_memory_win.cc(73)] ReadMemory at 0x7ff901340000 of 64 bytes failed: Only part of a ReadProcessMemory or WriteProcessMemory request was completed. (0x12B)
[0322/202440.576:WARNING:pe_image_reader.cc(340)] could not read dos header from C:\Windows\System32\NSI.dll
[0322/202440.576:ERROR:process_memory_win.cc(73)] ReadMemory at 0x7ff8fbe80000 of 64 bytes failed: Only part of a ReadProcessMemory or WriteProcessMemory request was completed. (0x12B)
[0322/202440.576:WARNING:pe_image_reader.cc(340)] could not read dos header from C:\Windows\SYSTEM32\WINMMBASE.dll
[0322/202440.576:ERROR:process_memory_win.cc(73)] ReadMemory at 0x7ff8fe730000 of 64 bytes failed: Only part of a ReadProcessMemory or WriteProcessMemory request was completed. (0x12B)
[0322/202440.576:WARNING:pe_image_reader.cc(340)] could not read dos header from C:\Windows\System32\cfgmgr32.dll
[0322/202440.576:ERROR:process_memory_win.cc(73)] ReadMemory at 0x7ff8fa9f0000 of 64 bytes failed: Only part of a ReadProcessMemory or WriteProcessMemory request was completed. (0x12B)
[0322/202440.576:WARNING:pe_image_reader.cc(340)] could not read dos header from C:\Windows\SYSTEM32\PROPSYS.dll
[0322/202440.576:ERROR:process_memory_win.cc(73)] ReadMemory at 0x7ff9015e0000 of 64 bytes failed: Only part of a ReadProcessMemory or WriteProcessMemory request was completed. (0x12B)
[0322/202440.576:WARNING:pe_image_reader.cc(340)] could not read dos header from C:\Windows\System32\shcore.dll
[0322/202440.576:ERROR:process_memory_win.cc(73)] ReadMemory at 0x7ff8fe550000 of 64 bytes failed: Only part of a ReadProcessMemory or WriteProcessMemory request was completed. (0x12B)
[0322/202440.576:WARNING:pe_image_reader.cc(340)] could not read dos header from C:\Windows\SYSTEM32\SSPICLI.DLL
[0322/202440.576:ERROR:process_memory_win.cc(73)] ReadMemory at 0x7ff8fe0a0000 of 64 bytes failed: Only part of a ReadProcessMemory or WriteProcessMemory request was completed. (0x12B)
[0322/202440.576:WARNING:pe_image_reader.cc(340)] could not read dos header from C:\Windows\SYSTEM32\CRYPTBASE.DLL
[0322/202440.576:ERROR:process_memory_win.cc(73)] ReadMemory at 0x7ff7e54d0000 of 64 bytes failed: Only part of a ReadProcessMemory or WriteProcessMemory request was completed. (0x12B)
[0322/202440.576:WARNING:pe_image_reader.cc(340)] could not read dos header from C:\Program Files (x86)\Google\Chrome\Application\chrome.exe
[0322/202440.576:ERROR:process_memory_win.cc(73)] ReadMemory at 0x7ff9017a0000 of 64 bytes failed: Only part of a ReadProcessMemory or WriteProcessMemory request was completed. (0x12B)
[0322/202440.576:WARNING:pe_image_reader.cc(340)] could not read dos header from C:\Windows\SYSTEM32\ntdll.dll
[0322/202440.576:ERROR:process_memory_win.cc(73)] ReadMemory at 0x7ff901490000 of 64 bytes failed: Only part of a ReadProcessMemory or WriteProcessMemory request was completed. (0x12B)
[0322/202440.576:WARNING:pe_image_reader.cc(340)] could not read dos header from C:\Windows\System32\KERNEL32.DLL
[0322/202440.576:ERROR:process_memory_win.cc(73)] ReadMemory at 0x7ff8ff0c0000 of 64 bytes failed: Only part of a ReadProcessMemory or WriteProcessMemory request was completed. (0x12B)
[0322/202440.576:WARNING:pe_image_reader.cc(340)] could not read dos header from C:\Windows\System32\KERNELBASE.dll
[0322/202440.576:ERROR:process_memory_win.cc(73)] ReadMemory at 0x7ff8c0fd0000 of 64 bytes failed: Only part of a ReadProcessMemory or WriteProcessMemory request was completed. (0x12B)
[0322/202440.576:WARNING:pe_image_reader.cc(340)] could not read dos header from C:\Program Files (x86)\Google\Chrome\Application\80.0.3987.149\chrome_elf.dll
[0322/202440.576:ERROR:process_memory_win.cc(73)] ReadMemory at 0x7ff8f65f0000 of 64 bytes failed: Only part of a ReadProcessMemory or WriteProcessMemory request was completed. (0x12B)
[0322/202440.576:WARNING:pe_image_reader.cc(340)] could not read dos header from C:\Windows\SYSTEM32\VERSION.dll
[0322/202440.576:ERROR:process_memory_win.cc(73)] ReadMemory at 0x7ff9010f0000 of 64 bytes failed: Only part of a ReadProcessMemory or WriteProcessMemory request was completed. (0x12B)
[0322/202440.576:WARNING:pe_image_reader.cc(340)] could not read dos header from C:\Windows\System32\msvcrt.dll
[0322/202440.576:ERROR:process_memory_win.cc(73)] ReadMemory at 0x7ff8ff7d0000 of 64 bytes failed: Only part of a ReadProcessMemory or WriteProcessMemory request was completed. (0x12B)
[0322/202440.576:WARNING:pe_image_reader.cc(340)] could not read dos header from C:\Windows\System32\bcryptPrimitives.dll
[0322/202440.576:ERROR:process_memory_win.cc(73)] ReadMemory at 0x7ff901040000 of 64 bytes failed: Only part of a ReadProcessMemory or WriteProcessMemory request was completed. (0x12B)
[0322/202440.576:WARNING:pe_image_reader.cc(340)] could not read dos header from C:\Windows\System32\ADVAPI32.dll
[0322/202440.576:ERROR:process_memory_win.cc(73)] ReadMemory at 0x7ff900380000 of 64 bytes failed: Only part of a ReadProcessMemory or WriteProcessMemory request was completed. (0x12B)
[0322/202440.576:WARNING:pe_image_reader.cc(340)] could not read dos header from C:\Windows\System32\sechost.dll
[0322/202440.576:ERROR:process_memory_win.cc(73)] ReadMemory at 0x7ff900420000 of 64 bytes failed: Only part of a ReadProcessMemory or WriteProcessMemory request was completed. (0x12B)
[0322/202440.576:WARNING:pe_image_reader.cc(340)] could not read dos header from C:\Windows\System32\RPCRT4.dll
[0322/202440.576:ERROR:process_memory_win.cc(73)] ReadMemory at 0x7ff877200000 of 64 bytes failed: Only part of a ReadProcessMemory or WriteProcessMemory request was completed. (0x12B)
[0322/202440.576:WARNING:pe_image_reader.cc(340)] could not read dos header from C:\Program Files (x86)\Google\Chrome\Application\80.0.3987.149\chrome.dll
[0322/202440.576:ERROR:process_memory_win.cc(73)] ReadMemory at 0x7ff900a60000 of 64 bytes failed: Only part of a ReadProcessMemory or WriteProcessMemory request was completed. (0x12B)
[0322/202440.576:WARNING:pe_image_reader.cc(340)] could not read dos header from C:\Windows\System32\WS2_32.dll
[0322/202440.576:ERROR:process_memory_win.cc(73)] ReadMemory at 0x7ff901690000 of 64 bytes failed: Only part of a ReadProcessMemory or WriteProcessMemory request was completed. (0x12B)
[0322/202440.576:WARNING:pe_image_reader.cc(340)] could not read dos header from C:\Windows\System32\OLEAUT32.dll
[0322/202440.576:ERROR:process_memory_win.cc(73)] ReadMemory at 0x7ff8ff4b0000 of 64 bytes failed: Only part of a ReadProcessMemory or WriteProcessMemory request was completed. (0x12B)
[0322/202440.576:WARNING:pe_image_reader.cc(340)] could not read dos header from C:\Windows\System32\msvcp_win.dll
[0322/202440.576:ERROR:process_memory_win.cc(73)] ReadMemory at 0x7ff8ff6a0000 of 64 bytes failed: Only part of a ReadProcessMemory or WriteProcessMemory request was completed. (0x12B)
[0322/202440.576:WARNING:pe_image_reader.cc(340)] could not read dos header from C:\Windows\System32\ucrtbase.dll
[0322/202440.576:ERROR:process_memory_win.cc(73)] ReadMemory at 0x7ff900600000 of 64 bytes failed: Only part of a ReadProcessMemory or WriteProcessMemory request was completed. (0x12B)
[0322/202440.576:WARNING:pe_image_reader.cc(340)] could not read dos header from C:\Windows\System32\combase.dll
[0322/202440.576:ERROR:process_memory_win.cc(73)] ReadMemory at 0x7ff8ff370000 of 64 bytes failed: Only part of a ReadProcessMemory or WriteProcessMemory request was completed. (0x12B)
[0322/202440.576:WARNING:pe_image_reader.cc(340)] could not read dos header from C:\Windows\System32\WINTRUST.dll
[0322/202440.576:ERROR:process_memory_win.cc(73)] ReadMemory at 0x7ff8fe6e0000 of 64 bytes failed: Only part of a ReadProcessMemory or WriteProcessMemory request was completed. (0x12B)
[0322/202440.576:WARNING:pe_image_reader.cc(340)] could not read dos header from C:\Windows\System32\MSASN1.dll
[0322/202440.576:ERROR:process_memory_win.cc(73)] ReadMemory at 0x7ff8ff550000 of 64 bytes failed: Only part of a ReadProcessMemory or WriteProcessMemory request was completed. (0x12B)
[0322/202440.576:WARNING:pe_image_reader.cc(340)] could not read dos header from C:\Windows\System32\CRYPT32.dll
[0322/202440.577:ERROR:process_memory_win.cc(73)] ReadMemory at 0x7ff8fdbe0000 of 64 bytes failed: Only part of a ReadProcessMemory or WriteProcessMemory request was completed. (0x12B)
[0322/202440.577:WARNING:pe_image_reader.cc(340)] could not read dos header from C:\Windows\SYSTEM32\IPHLPAPI.DLL
[0322/202440.577:ERROR:process_memory_win.cc(73)] ReadMemory at 0x7ff8fbeb0000 of 64 bytes failed: Only part of a ReadProcessMemory or WriteProcessMemory request was completed. (0x12B)
[0322/202440.577:WARNING:pe_image_reader.cc(340)] could not read dos header from C:\Windows\SYSTEM32\WINMM.dll
[0322/202440.577:ERROR:process_memory_win.cc(73)] ReadMemory at 0x7ff8e9110000 of 64 bytes failed: Only part of a ReadProcessMemory or WriteProcessMemory request was completed. (0x12B)
[0322/202440.577:WARNING:pe_image_reader.cc(340)] could not read dos header from C:\Windows\SYSTEM32\Secur32.dll
[0322/202440.577:ERROR:process_memory_win.cc(73)] ReadMemory at 0x7ff8fe580000 of 64 bytes failed: Only part of a ReadProcessMemory or WriteProcessMemory request was completed. (0x12B)
[0322/202440.577:WARNING:pe_image_reader.cc(340)] could not read dos header from C:\Windows\SYSTEM32\USERENV.dll
[0322/202440.577:ERROR:process_memory_win.cc(73)] ReadMemory at 0x7ff8fe700000 of 64 bytes failed: Only part of a ReadProcessMemory or WriteProcessMemory request was completed. (0x12B)
[0322/202440.577:WARNING:pe_image_reader.cc(340)] could not read dos header from C:\Windows\System32\profapi.dll
[0322/202440.577:ERROR:process_memory_win.cc(73)] ReadMemory at 0x7ff8d0ba0000 of 64 bytes failed: Only part of a ReadProcessMemory or WriteProcessMemory request was completed. (0x12B)
[0322/202440.577:WARNING:pe_image_reader.cc(340)] could not read dos header from C:\Windows\SYSTEM32\UIAutomationCore.DLL
[0322/202440.577:ERROR:process_memory_win.cc(73)] ReadMemory at 0x7ff8e8e10000 of 64 bytes failed: Only part of a ReadProcessMemory or WriteProcessMemory request was completed. (0x12B)
[0322/202440.577:WARNING:pe_image_reader.cc(340)] could not read dos header from C:\Windows\SYSTEM32\DWrite.dll
[0322/202440.577:ERROR:process_memory_win.cc(73)] ReadMemory at 0x7ff8f2540000 of 64 bytes failed: Only part of a ReadProcessMemory or WriteProcessMemory request was completed. (0x12B)
[0322/202440.577:WARNING:pe_image_reader.cc(340)] could not read dos header from C:\Windows\SYSTEM32\WINSPOOL.DRV
[0322/202440.577:ERROR:process_memory_win.cc(73)] ReadMemory at 0x7ff8fe670000 of 64 bytes failed: Only part of a ReadProcessMemory or WriteProcessMemory request was completed. (0x12B)
[0322/202440.577:WARNING:pe_image_reader.cc(340)] could not read dos header from C:\Windows\System32\kernel.appcore.dll
[0322/202440.577:ERROR:process_memory_win.cc(73)] ReadMemory at 0x7ff8ff7a0000 of 64 bytes failed: Only part of a ReadProcessMemory or WriteProcessMemory request was completed. (0x12B)
[0322/202440.577:WARNING:pe_image_reader.cc(340)] could not read dos header from C:\Windows\System32\bcrypt.dll
[0322/202440.577:ERROR:process_memory_win.cc(73)] ReadMemory at 0x7ff8fd060000 of 64 bytes failed: Only part of a ReadProcessMemory or WriteProcessMemory request was completed. (0x12B)
[0322/202440.577:WARNING:pe_image_reader.cc(340)] could not read dos header from C:\Windows\SYSTEM32\dbghelp.dll
[0322/202440.577:ERROR:process_memory_win.cc(73)] ReadMemory at 0x7ff8f9a70000 of 64 bytes failed: Only part of a ReadProcessMemory or WriteProcessMemory request was completed. (0x12B)
[0322/202440.577:WARNING:pe_image_reader.cc(340)] could not read dos header from C:\Windows\SYSTEM32\WINHTTP.dll
[0322/202440.577:ERROR:process_memory_win.cc(73)] ReadMemory at 0x7ff8f5d50000 of 64 bytes failed: Only part of a ReadProcessMemory or WriteProcessMemory request was completed. (0x12B)
[0322/202440.577:WARNING:pe_image_reader.cc(340)] could not read dos header from C:\Windows\SYSTEM32\dhcpcsvc.DLL
[0322/202440.577:ERROR:process_memory_win.cc(73)] ReadMemory at 0x7ff901340000 of 64 bytes failed: Only part of a ReadProcessMemory or WriteProcessMemory request was completed. (0x12B)
[0322/202440.577:WARNING:pe_image_reader.cc(340)] could not read dos header from C:\Windows\System32\NSI.dll
[0322/202440.577:ERROR:process_memory_win.cc(73)] ReadMemory at 0x7ff8fbe80000 of 64 bytes failed: Only part of a ReadProcessMemory or WriteProcessMemory request was completed. (0x12B)
[0322/202440.577:WARNING:pe_image_reader.cc(340)] could not read dos header from C:\Windows\SYSTEM32\WINMMBASE.dll
[0322/202440.577:ERROR:process_memory_win.cc(73)] ReadMemory at 0x7ff8fe730000 of 64 bytes failed: Only part of a ReadProcessMemory or WriteProcessMemory request was completed. (0x12B)
[0322/202440.577:WARNING:pe_image_reader.cc(340)] could not read dos header from C:\Windows\System32\cfgmgr32.dll
[0322/202440.577:ERROR:process_memory_win.cc(73)] ReadMemory at 0x7ff8fa9f0000 of 64 bytes failed: Only part of a ReadProcessMemory or WriteProcessMemory request was completed. (0x12B)
[0322/202440.577:WARNING:pe_image_reader.cc(340)] could not read dos header from C:\Windows\SYSTEM32\PROPSYS.dll
[0322/202440.577:ERROR:process_memory_win.cc(73)] ReadMemory at 0x7ff9015e0000 of 64 bytes failed: Only part of a ReadProcessMemory or WriteProcessMemory request was completed. (0x12B)
[0322/202440.577:WARNING:pe_image_reader.cc(340)] could not read dos header from C:\Windows\System32\shcore.dll
[0322/202440.577:ERROR:process_memory_win.cc(73)] ReadMemory at 0x7ff8fe550000 of 64 bytes failed: Only part of a ReadProcessMemory or WriteProcessMemory request was completed. (0x12B)
[0322/202440.577:WARNING:pe_image_reader.cc(340)] could not read dos header from C:\Windows\SYSTEM32\SSPICLI.DLL
[0322/202440.577:ERROR:process_memory_win.cc(73)] ReadMemory at 0x7ff8fe0a0000 of 64 bytes failed: Only part of a ReadProcessMemory or WriteProcessMemory request was completed. (0x12B)
[0322/202440.577:WARNING:pe_image_reader.cc(340)] could not read dos header from C:\Windows\SYSTEM32\CRYPTBASE.DLL
[0322/202440.581:ERROR:process_memory_win.cc(73)] ReadMemory at 0xf2b5fb000 of 20480 bytes failed: Only part of a ReadProcessMemory or WriteProcessMemory request was completed. (0x12B)
[0322/202440.582:ERROR:process_memory_win.cc(73)] ReadMemory at 0xf2a510000 of 852 bytes failed: Only part of a ReadProcessMemory or WriteProcessMemory request was completed. (0x12B)
[0322/202440.582:ERROR:process_memory_win.cc(73)] ReadMemory at 0xf2a513000 of 6024 bytes failed: Only part of a ReadProcessMemory or WriteProcessMemory request was completed. (0x12B)
[0322/202440.582:ERROR:process_memory_win.cc(73)] ReadMemory at 0x1aee7c10750 of 80 bytes failed: Only part of a ReadProcessMemory or WriteProcessMemory request was completed. (0x12B)
[0322/202440.582:ERROR:process_memory_win.cc(73)] ReadMemory at 0x1aee7c10fe0 of 4200 bytes failed: Only part of a ReadProcessMemory or WriteProcessMemory request was completed. (0x12B)
[0322/202440.582:ERROR:process_memory_win.cc(73)] ReadMemory at 0x1aee7c12050 of 1012 bytes failed: Only part of a ReadProcessMemory or WriteProcessMemory request was completed. (0x12B)
[0322/202440.582:ERROR:process_memory_win.cc(73)] ReadMemory at 0x1aee7c12698 of 118 bytes failed: Only part of a ReadProcessMemory or WriteProcessMemory request was completed. (0x12B)
[0322/202440.582:ERROR:process_memory_win.cc(73)] ReadMemory at 0x1aee7c12710 of 316 bytes failed: Only part of a ReadProcessMemory or WriteProcessMemory request was completed. (0x12B)
[0322/202440.582:ERROR:process_memory_win.cc(73)] ReadMemory at 0x1aee7c1284e of 118 bytes failed: Only part of a ReadProcessMemory or WriteProcessMemory request was completed. (0x12B)
[0322/202440.582:ERROR:process_memory_win.cc(73)] ReadMemory at 0x1aee7c128c6 of 96 bytes failed: Only part of a ReadProcessMemory or WriteProcessMemory request was completed. (0x12B)
[0322/202440.582:ERROR:process_memory_win.cc(73)] ReadMemory at 0x1aee7c12940 of 58 bytes failed: Only part of a ReadProcessMemory or WriteProcessMemory request was completed. (0x12B)
[0322/202440.582:ERROR:process_memory_win.cc(73)] ReadMemory at 0x1aee7c12a40 of 132 bytes failed: Only part of a ReadProcessMemory or WriteProcessMemory request was completed. (0x12B)
[0322/202440.582:ERROR:process_memory_win.cc(73)] ReadMemory at 0x1aee7c12bd0 of 132 bytes failed: Only part of a ReadProcessMemory or WriteProcessMemory request was completed. (0x12B)
[0322/202440.582:ERROR:process_memory_win.cc(73)] ReadMemory at 0x1aee7c12d90 of 126 bytes failed: Only part of a ReadProcessMemory or WriteProcessMemory request was completed. (0x12B)
[0322/202440.582:ERROR:process_memory_win.cc(73)] ReadMemory at 0x1aee7c13170 of 132 bytes failed: Only part of a ReadProcessMemory or WriteProcessMemory request was completed. (0x12B)
[0322/202440.582:ERROR:process_memory_win.cc(73)] ReadMemory at 0x1aee7c13300 of 64 bytes failed: Only part of a ReadProcessMemory or WriteProcessMemory request was completed. (0x12B)
[0322/202440.582:ERROR:process_memory_win.cc(73)] ReadMemory at 0x1aee7c134c0 of 132 bytes failed: Only part of a ReadProcessMemory or WriteProcessMemory request was completed. (0x12B)
[0322/202440.582:ERROR:process_memory_win.cc(73)] ReadMemory at 0x1aee7c13760 of 132 bytes failed: Only part of a ReadProcessMemory or WriteProcessMemory request was completed. (0x12B)
[0322/202440.582:ERROR:process_memory_win.cc(73)] ReadMemory at 0x1aee7c138f0 of 68 bytes failed: Only part of a ReadProcessMemory or WriteProcessMemory request was completed. (0x12B)
[0322/202440.582:ERROR:process_memory_win.cc(73)] ReadMemory at 0x1aee7c14800 of 146 bytes failed: Only part of a ReadProcessMemory or WriteProcessMemory request was completed. (0x12B)
[0322/202440.582:ERROR:process_memory_win.cc(73)] ReadMemory at 0x1aee7c148e0 of 132 bytes failed: Only part of a ReadProcessMemory or WriteProcessMemory request was completed. (0x12B)
[0322/202440.582:ERROR:process_memory_win.cc(73)] ReadMemory at 0x1aee7c14a70 of 154 bytes failed: Only part of a ReadProcessMemory or WriteProcessMemory request was completed. (0x12B)
[0322/202440.582:ERROR:process_memory_win.cc(73)] ReadMemory at 0x1aee7c157e0 of 60 bytes failed: Only part of a ReadProcessMemory or WriteProcessMemory request was completed. (0x12B)
[0322/202440.582:ERROR:process_memory_win.cc(73)] ReadMemory at 0x1aee7c15850 of 62 bytes failed: Only part of a ReadProcessMemory or WriteProcessMemory request was completed. (0x12B)
[0322/202440.582:ERROR:process_memory_win.cc(73)] ReadMemory at 0x1aee7c158a0 of 132 bytes failed: Only part of a ReadProcessMemory or WriteProcessMemory request was completed. (0x12B)
[0322/202440.582:ERROR:process_memory_win.cc(73)] ReadMemory at 0x1aee7c15a40 of 132 bytes failed: Only part of a ReadProcessMemory or WriteProcessMemory request was completed. (0x12B)
[0322/202440.582:ERROR:process_memory_win.cc(73)] ReadMemory at 0x1aee7c162bc of 512 bytes failed: Only part of a ReadProcessMemory or WriteProcessMemory request was completed. (0x12B)
[0322/202440.582:ERROR:process_memory_win.cc(73)] ReadMemory at 0x1aee7c17490 of 132 bytes failed: Only part of a ReadProcessMemory or WriteProcessMemory request was completed. (0x12B)
[0322/202440.582:ERROR:process_memory_win.cc(73)] ReadMemory at 0x1aee7c1a390 of 62 bytes failed: Only part of a ReadProcessMemory or WriteProcessMemory request was completed. (0x12B)
[0322/202440.582:ERROR:process_memory_win.cc(73)] ReadMemory at 0x1aee7c1a4d0 of 64 bytes failed: Only part of a ReadProcessMemory or WriteProcessMemory request was completed. (0x12B)
[0322/202440.582:ERROR:process_memory_win.cc(73)] ReadMemory at 0x1aee7c1a520 of 60 bytes failed: Only part of a ReadProcessMemory or WriteProcessMemory request was completed. (0x12B)
[0322/202440.583:ERROR:process_memory_win.cc(73)] ReadMemory at 0x1aee7c1a570 of 64 bytes failed: Only part of a ReadProcessMemory or WriteProcessMemory request was completed. (0x12B)
[0322/202440.583:ERROR:process_memory_win.cc(73)] ReadMemory at 0x1aee7c1a5c0 of 60 bytes failed: Only part of a ReadProcessMemory or WriteProcessMemory request was completed. (0x12B)
[0322/202440.583:ERROR:process_memory_win.cc(73)] ReadMemory at 0x1aee7c1a6b0 of 64 bytes failed: Only part of a ReadProcessMemory or WriteProcessMemory request was completed. (0x12B)
[0322/202440.583:ERROR:process_memory_win.cc(73)] ReadMemory at 0x1aee7c1a700 of 66 bytes failed: Only part of a ReadProcessMemory or WriteProcessMemory request was completed. (0x12B)
[0322/202440.583:ERROR:process_memory_win.cc(73)] ReadMemory at 0x1aee7c1a7a0 of 62 bytes failed: Only part of a ReadProcessMemory or WriteProcessMemory request was completed. (0x12B)
[0322/202440.583:ERROR:process_memory_win.cc(73)] ReadMemory at 0x1aee7c1a930 of 64 bytes failed: Only part of a ReadProcessMemory or WriteProcessMemory request was completed. (0x12B)
[0322/202440.583:ERROR:process_memory_win.cc(73)] ReadMemory at 0x1aee7c1ac40 of 132 bytes failed: Only part of a ReadProcessMemory or WriteProcessMemory request was completed. (0x12B)
[0322/202440.583:ERROR:process_memory_win.cc(73)] ReadMemory at 0x1aee7c1ae50 of 132 bytes failed: Only part of a ReadProcessMemory or WriteProcessMemory request was completed. (0x12B)
[0322/202440.583:ERROR:process_memory_win.cc(73)] ReadMemory at 0x1aee7c1b990 of 132 bytes failed: Only part of a ReadProcessMemory or WriteProcessMemory request was completed. (0x12B)
[0322/202440.583:ERROR:process_memory_win.cc(73)] ReadMemory at 0x1aee7c1bac0 of 132 bytes failed: Only part of a ReadProcessMemory or WriteProcessMemory request was completed. (0x12B)
[0322/202440.583:ERROR:process_memory_win.cc(73)] ReadMemory at 0x1aee7c1bd20 of 132 bytes failed: Only part of a ReadProcessMemory or WriteProcessMemory request was completed. (0x12B)
[0322/202440.583:ERROR:process_memory_win.cc(73)] ReadMemory at 0x1aee7c1be50 of 132 bytes failed: Only part of a ReadProcessMemory or WriteProcessMemory request was completed. (0x12B)
[0322/202440.583:ERROR:process_memory_win.cc(73)] ReadMemory at 0x1aee7c1bf80 of 132 bytes failed: Only part of a ReadProcessMemory or WriteProcessMemory request was completed. (0x12B)
[0322/202440.583:ERROR:process_memory_win.cc(73)] ReadMemory at 0x1aee7c1c0b0 of 132 bytes failed: Only part of a ReadProcessMemory or WriteProcessMemory request was completed. (0x12B)
[0322/202440.583:ERROR:process_memory_win.cc(73)] ReadMemory at 0x1aee7c1c1e0 of 132 bytes failed: Only part of a ReadProcessMemory or WriteProcessMemory request was completed. (0x12B)
[0322/202440.583:ERROR:process_memory_win.cc(73)] ReadMemory at 0x1aee7c1c310 of 132 bytes failed: Only part of a ReadProcessMemory or WriteProcessMemory request was completed. (0x12B)
[0322/202440.583:ERROR:process_memory_win.cc(73)] ReadMemory at 0x1aee7c1c440 of 132 bytes failed: Only part of a ReadProcessMemory or WriteProcessMemory request was completed. (0x12B)
[0322/202440.583:ERROR:process_memory_win.cc(73)] ReadMemory at 0x1aee7c1c570 of 132 bytes failed: Only part of a ReadProcessMemory or WriteProcessMemory request was completed. (0x12B)
[0322/202440.583:ERROR:process_memory_win.cc(73)] ReadMemory at 0x1aee7c1c6a0 of 132 bytes failed: Only part of a ReadProcessMemory or WriteProcessMemory request was completed. (0x12B)
[0322/202440.583:ERROR:process_memory_win.cc(73)] ReadMemory at 0x1aee7c1c7d0 of 132 bytes failed: Only part of a ReadProcessMemory or WriteProcessMemory request was completed. (0x12B)
[0322/202440.583:ERROR:process_memory_win.cc(73)] ReadMemory at 0x1aee7c1dcc0 of 132 bytes failed: Only part of a ReadProcessMemory or WriteProcessMemory request was completed. (0x12B)
[0322/202440.583:ERROR:process_memory_win.cc(73)] ReadMemory at 0x1aee7c1ed70 of 132 bytes failed: Only part of a ReadProcessMemory or WriteProcessMemory request was completed. (0x12B)
[0322/202440.583:ERROR:process_memory_win.cc(73)] ReadMemory at 0x1aee7c20760 of 132 bytes failed: Only part of a ReadProcessMemory or WriteProcessMemory request was completed. (0x12B)
[0322/202440.583:ERROR:process_memory_win.cc(73)] ReadMemory at 0x1aee7c23060 of 54 bytes failed: Only part of a ReadProcessMemory or WriteProcessMemory request was completed. (0x12B)
[0322/202440.583:ERROR:process_memory_win.cc(73)] ReadMemory at 0x1aee7c23860 of 132 bytes failed: Only part of a ReadProcessMemory or WriteProcessMemory request was completed. (0x12B)
[0322/202440.583:ERROR:process_memory_win.cc(73)] ReadMemory at 0x1aee7c23a80 of 132 bytes failed: Only part of a ReadProcessMemory or WriteProcessMemory request was completed. (0x12B)
[0322/202440.583:ERROR:process_memory_win.cc(73)] ReadMemory at 0x1aee7c23ca0 of 132 bytes failed: Only part of a ReadProcessMemory or WriteProcessMemory request was completed. (0x12B)
[0322/202440.583:ERROR:process_memory_win.cc(73)] ReadMemory at 0x1aee7c24a40 of 76 bytes failed: Only part of a ReadProcessMemory or WriteProcessMemory request was completed. (0x12B)
[0322/202440.583:ERROR:process_memory_win.cc(73)] ReadMemory at 0x1aee7c24aa0 of 80 bytes failed: Only part of a ReadProcessMemory or WriteProcessMemory request was completed. (0x12B)
[0322/202440.583:ERROR:process_memory_win.cc(73)] ReadMemory at 0x1aee7c251a0 of 60 bytes failed: Only part of a ReadProcessMemory or WriteProcessMemory request was completed. (0x12B)
[0322/202440.583:ERROR:process_memory_win.cc(73)] ReadMemory at 0x1aee7c25420 of 66 bytes failed: Only part of a ReadProcessMemory or WriteProcessMemory request was completed. (0x12B)
[0322/202440.584:ERROR:process_memory_win.cc(73)] ReadMemory at 0x1aee7c25560 of 64 bytes failed: Only part of a ReadProcessMemory or WriteProcessMemory request was completed. (0x12B)
[0322/202440.584:ERROR:process_memory_win.cc(73)] ReadMemory at 0x1aee7c256f0 of 60 bytes failed: Only part of a ReadProcessMemory or WriteProcessMemory request was completed. (0x12B)
[0322/202440.584:ERROR:process_memory_win.cc(73)] ReadMemory at 0x1aee7c25790 of 62 bytes failed: Only part of a ReadProcessMemory or WriteProcessMemory request was completed. (0x12B)
[0322/202440.584:ERROR:process_memory_win.cc(73)] ReadMemory at 0x1aee7c25a10 of 62 bytes failed: Only part of a ReadProcessMemory or WriteProcessMemory request was completed. (0x12B)
[0322/202440.584:ERROR:process_memory_win.cc(73)] ReadMemory at 0x1aee7c25b00 of 58 bytes failed: Only part of a ReadProcessMemory or WriteProcessMemory request was completed. (0x12B)
[0322/202440.584:ERROR:process_memory_win.cc(73)] ReadMemory at 0x1aee7c25b50 of 62 bytes failed: Only part of a ReadProcessMemory or WriteProcessMemory request was completed. (0x12B)
[0322/202440.584:ERROR:process_memory_win.cc(73)] ReadMemory at 0x1aee7c25ba0 of 62 bytes failed: Only part of a ReadProcessMemory or WriteProcessMemory request was completed. (0x12B)
[0322/202440.584:ERROR:process_memory_win.cc(73)] ReadMemory at 0x1aee7c25bf0 of 64 bytes failed: Only part of a ReadProcessMemory or WriteProcessMemory request was completed. (0x12B)
[0322/202440.584:ERROR:process_memory_win.cc(73)] ReadMemory at 0x1aee7c25c40 of 62 bytes failed: Only part of a ReadProcessMemory or WriteProcessMemory request was completed. (0x12B)
[0322/202440.584:ERROR:process_memory_win.cc(73)] ReadMemory at 0x1aee7c25c90 of 64 bytes failed: Only part of a ReadProcessMemory or WriteProcessMemory request was completed. (0x12B)
[0322/202440.584:ERROR:process_memory_win.cc(73)] ReadMemory at 0x1aee7c25ce0 of 60 bytes failed: Only part of a ReadProcessMemory or WriteProcessMemory request was completed. (0x12B)
[0322/202440.584:ERROR:process_memory_win.cc(73)] ReadMemory at 0x1aee7c25d30 of 64 bytes failed: Only part of a ReadProcessMemory or WriteProcessMemory request was completed. (0x12B)
[0322/202440.584:ERROR:process_memory_win.cc(73)] ReadMemory at 0x1aee7c25d80 of 62 bytes failed: Only part of a ReadProcessMemory or WriteProcessMemory request was completed. (0x12B)
[0322/202440.584:ERROR:process_memory_win.cc(73)] ReadMemory at 0x1aee7c25dd0 of 62 bytes failed: Only part of a ReadProcessMemory or WriteProcessMemory request was completed. (0x12B)
[0322/202440.584:ERROR:process_memory_win.cc(73)] ReadMemory at 0x1aee7c25e20 of 60 bytes failed: Only part of a ReadProcessMemory or WriteProcessMemory request was completed. (0x12B)
[0322/202440.584:ERROR:process_memory_win.cc(73)] ReadMemory at 0x1aee7c25e70 of 62 bytes failed: Only part of a ReadProcessMemory or WriteProcessMemory request was completed. (0x12B)
[0322/202440.584:ERROR:process_memory_win.cc(73)] ReadMemory at 0x1aee7c25f80 of 132 bytes failed: Only part of a ReadProcessMemory or WriteProcessMemory request was completed. (0x12B)
[0322/202440.584:ERROR:process_memory_win.cc(73)] ReadMemory at 0x1aee7c261e0 of 132 bytes failed: Only part of a ReadProcessMemory or WriteProcessMemory request was completed. (0x12B)
[0322/202440.584:ERROR:process_memory_win.cc(73)] ReadMemory at 0x1aee7c26440 of 132 bytes failed: Only part of a ReadProcessMemory or WriteProcessMemory request was completed. (0x12B)
[0322/202440.584:ERROR:process_memory_win.cc(73)] ReadMemory at 0x1aee7c26570 of 132 bytes failed: Only part of a ReadProcessMemory or WriteProcessMemory request was completed. (0x12B)
[0322/202440.584:ERROR:process_memory_win.cc(73)] ReadMemory at 0x1aee7c266a0 of 132 bytes failed: Only part of a ReadProcessMemory or WriteProcessMemory request was completed. (0x12B)
[0322/202440.584:ERROR:process_memory_win.cc(73)] ReadMemory at 0x1aee7c267d0 of 132 bytes failed: Only part of a ReadProcessMemory or WriteProcessMemory request was completed. (0x12B)
[0322/202440.584:ERROR:process_memory_win.cc(73)] ReadMemory at 0x1aee7c26900 of 132 bytes failed: Only part of a ReadProcessMemory or WriteProcessMemory request was completed. (0x12B)
[0322/202440.584:ERROR:process_memory_win.cc(73)] ReadMemory at 0x1aee7c274e0 of 132 bytes failed: Only part of a ReadProcessMemory or WriteProcessMemory request was completed. (0x12B)
[0322/202440.584:ERROR:process_memory_win.cc(73)] ReadMemory at 0x1aee7c27610 of 132 bytes failed: Only part of a ReadProcessMemory or WriteProcessMemory request was completed. (0x12B)
[0322/202440.584:ERROR:process_memory_win.cc(73)] ReadMemory at 0x1aee7c27d30 of 132 bytes failed: Only part of a ReadProcessMemory or WriteProcessMemory request was completed. (0x12B)
[0322/202440.584:ERROR:process_memory_win.cc(73)] ReadMemory at 0x1aee826c5b0 of 512 bytes failed: Only part of a ReadProcessMemory or WriteProcessMemory request was completed. (0x12B)
[0322/202440.584:ERROR:process_memory_win.cc(73)] ReadMemory at 0x7ff877200000 of 384 bytes failed: Only part of a ReadProcessMemory or WriteProcessMemory request was completed. (0x12B)
[0322/202440.584:ERROR:process_memory_win.cc(73)] ReadMemory at 0x7ff87792dff8 of 512 bytes failed: Only part of a ReadProcessMemory or WriteProcessMemory request was completed. (0x12B)
[0322/202440.584:ERROR:process_memory_win.cc(73)] ReadMemory at 0x7ff87d4224c4 of 512 bytes failed: Only part of a ReadProcessMemory or WriteProcessMemory request was completed. (0x12B)
[0322/202440.584:ERROR:process_memory_win.cc(73)] ReadMemory at 0x7ff8ff32b720 of 512 bytes failed: Only part of a ReadProcessMemory or WriteProcessMemory request was completed. (0x12B)
[0322/202440.584:ERROR:process_memory_win.cc(73)] ReadMemory at 0x7ff90182c510 of 512 bytes failed: Only part of a ReadProcessMemory or WriteProcessMemory request was completed. (0x12B)
[0322/202440.584:ERROR:process_memory_win.cc(73)] ReadMemory at 0x7ff90183c6c4 of 512 bytes failed: Only part of a ReadProcessMemory or WriteProcessMemory request was completed. (0x12B)
[0322/202440.584:ERROR:process_memory_win.cc(73)] ReadMemory at 0x7ff9018cc428 of 18 bytes failed: Only part of a ReadProcessMemory or WriteProcessMemory request was completed. (0x12B)
[0322/202440.585:ERROR:process_memory_win.cc(73)] ReadMemory at 0x7ff9018ff4f8 of 40 bytes failed: Only part of a ReadProcessMemory or WriteProcessMemory request was completed. (0x12B)
[0322/202440.585:ERROR:process_memory_win.cc(73)] ReadMemory at 0x7ff9018ff978 of 48 bytes failed: Only part of a ReadProcessMemory or WriteProcessMemory request was completed. (0x12B)
[0322/202440.585:ERROR:process_memory_win.cc(73)] ReadMemory at 0x7ff9019053c0 of 64 bytes failed: Only part of a ReadProcessMemory or WriteProcessMemory request was completed. (0x12B)
[0322/202440.585:ERROR:scoped_process_suspend.cc(40)] NtResumeProcess: An attempt was made to access an exiting process. (0xc000010a)
